<?xml version="1.0" encoding="UTF-8"?>
<!-- Generated by org.testng.reporters.JUnitXMLReporter -->
<testsuite ignored="0" hostname="Raghav_Global" failures="0" tests="7" name="Surefire test" time="5.513" errors="0" timestamp="2025-08-29T17:51:21 IST">
  <testcase classname="com.example.api.SanityCheckTest" name="sanity" time="0.046"/>
  <testcase classname="com.example.api.tests.DataDrivenGetPostTest" name="testGetPostById" time="2.45"/>
  <testcase classname="com.example.api.tests.DataDrivenGetPostTest" name="testGetPostById" time="0.48"/>
  <testcase classname="com.example.api.tests.GetPostTest" name="testGetPostById" time="0.527"/>
  <testcase classname="com.example.api.tests.PostDataDrivenTest" name="testPostsWithData" time="0.477"/>
  <testcase classname="com.example.api.tests.PostDataDrivenTest" name="testPostsWithData" time="0.541"/>
  <testcase classname="com.example.api.tests.SchemaValidationTest" name="testPostSchemaValidation" time="0.717"/>
</testsuite> <!-- Surefire test -->
