<?xml version="1.0" encoding="UTF-8"?>
<!-- Generated by org.testng.reporters.JUnitXMLReporter -->
<testsuite ignored="0" hostname="Raghav_Global" failures="0" tests="6" name="Surefire test" time="5.282" errors="0" timestamp="2025-08-22T18:04:28 IST">
  <testcase classname="com.example.api.SanityCheckTest" name="sanity" time="0.056"/>
  <testcase classname="com.example.api.tests.DataDrivenGetPostTest" name="testGetPostById" time="2.337"/>
  <testcase classname="com.example.api.tests.DataDrivenGetPostTest" name="testGetPostById" time="0.608"/>
  <testcase classname="com.example.api.tests.GetPostTest" name="testGetPostById" time="0.489"/>
  <testcase classname="com.example.api.tests.PostDataDrivenTest" name="testPostsWithData" time="0.597"/>
  <testcase classname="com.example.api.tests.PostDataDrivenTest" name="testPostsWithData" time="0.532"/>
</testsuite> <!-- Surefire test -->
