<?xml version="1.0" encoding="UTF-8"?>
<testng-results ignored="0" total="6" passed="6" failed="0" skipped="0">
  <reporter-output>
  </reporter-output>
  <suite started-at="2025-08-22T18:04:23 IST" name="Surefire suite" finished-at="2025-08-22T18:04:28 IST" duration-ms="5282">
    <groups>
    </groups>
    <test started-at="2025-08-22T18:04:23 IST" name="Surefire test" finished-at="2025-08-22T18:04:28 IST" duration-ms="5282">
      <class name="com.example.api.tests.DataDrivenGetPostTest">
        <test-method is-config="true" signature="setup()[pri:0, instance:com.example.api.tests.DataDrivenGetPostTest@28dcca0c]" started-at="2025-08-22T18:04:23 IST" name="setup" finished-at="2025-08-22T18:04:23 IST" duration-ms="358" status="PASS">
          <reporter-output>
          </reporter-output>
        </test-method> <!-- setup -->
        <test-method signature="testGetPostById(java.util.Map)[pri:0, instance:com.example.api.tests.DataDrivenGetPostTest@28dcca0c]" started-at="2025-08-22T18:04:23 IST" name="testGetPostById" data-provider="postData" finished-at="2025-08-22T18:04:26 IST" duration-ms="2337" status="PASS">
          <params>
            <param index="0">
              <value>
                <![CDATA[{id=1, expectedTitle=sunt aut facere repellat provident occaecati excepturi optio reprehenderit}]]>
              </value>
            </param>
          </params>
          <reporter-output>
          </reporter-output>
        </test-method> <!-- testGetPostById -->
        <test-method signature="testGetPostById(java.util.Map)[pri:0, instance:com.example.api.tests.DataDrivenGetPostTest@28dcca0c]" started-at="2025-08-22T18:04:26 IST" name="testGetPostById" data-provider="postData" finished-at="2025-08-22T18:04:26 IST" duration-ms="608" status="PASS">
          <params>
            <param index="0">
              <value>
                <![CDATA[{id=2, expectedTitle=qui est esse}]]>
              </value>
            </param>
          </params>
          <reporter-output>
          </reporter-output>
        </test-method> <!-- testGetPostById -->
      </class> <!-- com.example.api.tests.DataDrivenGetPostTest -->
      <class name="com.example.api.tests.GetPostTest">
        <test-method signature="testGetPostById()[pri:0, instance:com.example.api.tests.GetPostTest@45d84a20]" started-at="2025-08-22T18:04:26 IST" name="testGetPostById" finished-at="2025-08-22T18:04:27 IST" duration-ms="489" status="PASS">
          <reporter-output>
          </reporter-output>
        </test-method> <!-- testGetPostById -->
        <test-method is-config="true" signature="setup()[pri:0, instance:com.example.api.tests.GetPostTest@45d84a20]" started-at="2025-08-22T18:04:26 IST" name="setup" finished-at="2025-08-22T18:04:26 IST" duration-ms="0" status="PASS">
          <reporter-output>
          </reporter-output>
        </test-method> <!-- setup -->
      </class> <!-- com.example.api.tests.GetPostTest -->
      <class name="com.example.api.tests.PostDataDrivenTest">
        <test-method signature="testPostsWithData(java.util.Map)[pri:0, instance:com.example.api.tests.PostDataDrivenTest@52f27fbd]" started-at="2025-08-22T18:04:27 IST" name="testPostsWithData" data-provider="postData" finished-at="2025-08-22T18:04:27 IST" duration-ms="597" status="PASS">
          <params>
            <param index="0">
              <value>
                <![CDATA[{id=1, expectedTitle=sunt aut facere repellat provident occaecati excepturi optio reprehenderit}]]>
              </value>
            </param>
          </params>
          <reporter-output>
          </reporter-output>
        </test-method> <!-- testPostsWithData -->
        <test-method signature="testPostsWithData(java.util.Map)[pri:0, instance:com.example.api.tests.PostDataDrivenTest@52f27fbd]" started-at="2025-08-22T18:04:27 IST" name="testPostsWithData" data-provider="postData" finished-at="2025-08-22T18:04:28 IST" duration-ms="532" status="PASS">
          <params>
            <param index="0">
              <value>
                <![CDATA[{id=2, expectedTitle=qui est esse}]]>
              </value>
            </param>
          </params>
          <reporter-output>
          </reporter-output>
        </test-method> <!-- testPostsWithData -->
      </class> <!-- com.example.api.tests.PostDataDrivenTest -->
      <class name="com.example.api.SanityCheckTest">
        <test-method signature="sanity()[pri:0, instance:com.example.api.SanityCheckTest@723ca036]" started-at="2025-08-22T18:04:23 IST" name="sanity" finished-at="2025-08-22T18:04:23 IST" duration-ms="56" status="PASS">
          <reporter-output>
          </reporter-output>
        </test-method> <!-- sanity -->
      </class> <!-- com.example.api.SanityCheckTest -->
    </test> <!-- Surefire test -->
  </suite> <!-- Surefire suite -->
</testng-results>
