<?xml version="1.0" encoding="UTF-8"?>
<testng-results ignored="0" total="7" passed="7" failed="0" skipped="0">
  <reporter-output>
  </reporter-output>
  <suite started-at="2025-08-29T17:51:15 IST" name="Surefire suite" finished-at="2025-08-29T17:51:21 IST" duration-ms="5513">
    <groups>
    </groups>
    <test started-at="2025-08-29T17:51:15 IST" name="Surefire test" finished-at="2025-08-29T17:51:21 IST" duration-ms="5513">
      <class name="com.example.api.tests.DataDrivenGetPostTest">
        <test-method signature="testGetPostById(java.util.Map)[pri:0, instance:com.example.api.tests.DataDrivenGetPostTest@61c4eee0]" started-at="2025-08-29T17:51:15 IST" name="testGetPostById" data-provider="postData" finished-at="2025-08-29T17:51:18 IST" duration-ms="2450" status="PASS">
          <params>
            <param index="0">
              <value>
                <![CDATA[{id=1, expectedTitle=sunt aut facere repellat provident occaecati excepturi optio reprehenderit}]]>
              </value>
            </param>
          </params>
          <reporter-output>
          </reporter-output>
        </test-method> <!-- testGetPostById -->
        <test-method signature="testGetPostById(java.util.Map)[pri:0, instance:com.example.api.tests.DataDrivenGetPostTest@61c4eee0]" started-at="2025-08-29T17:51:18 IST" name="testGetPostById" data-provider="postData" finished-at="2025-08-29T17:51:18 IST" duration-ms="480" status="PASS">
          <params>
            <param index="0">
              <value>
                <![CDATA[{id=2, expectedTitle=qui est esse}]]>
              </value>
            </param>
          </params>
          <reporter-output>
          </reporter-output>
        </test-method> <!-- testGetPostById -->
      </class> <!-- com.example.api.tests.DataDrivenGetPostTest -->
      <class name="com.example.api.tests.SchemaValidationTest">
        <test-method is-config="true" signature="setup()[pri:0, instance:com.example.api.tests.SchemaValidationTest@548a24a]" started-at="2025-08-29T17:51:20 IST" name="setup" finished-at="2025-08-29T17:51:20 IST" duration-ms="1" status="PASS">
          <reporter-output>
          </reporter-output>
        </test-method> <!-- setup -->
        <test-method signature="testPostSchemaValidation()[pri:0, instance:com.example.api.tests.SchemaValidationTest@548a24a]" started-at="2025-08-29T17:51:20 IST" name="testPostSchemaValidation" finished-at="2025-08-29T17:51:21 IST" duration-ms="717" status="PASS">
          <reporter-output>
          </reporter-output>
        </test-method> <!-- testPostSchemaValidation -->
      </class> <!-- com.example.api.tests.SchemaValidationTest -->
      <class name="com.example.api.tests.GetPostTest">
        <test-method is-config="true" signature="setup()[pri:0, instance:com.example.api.tests.GetPostTest@6f10d5b6]" started-at="2025-08-29T17:51:18 IST" name="setup" finished-at="2025-08-29T17:51:18 IST" duration-ms="8" status="PASS">
          <reporter-output>
          </reporter-output>
        </test-method> <!-- setup -->
        <test-method signature="testGetPostById()[pri:0, instance:com.example.api.tests.GetPostTest@6f10d5b6]" started-at="2025-08-29T17:51:18 IST" name="testGetPostById" finished-at="2025-08-29T17:51:19 IST" duration-ms="527" status="PASS">
          <reporter-output>
          </reporter-output>
        </test-method> <!-- testGetPostById -->
      </class> <!-- com.example.api.tests.GetPostTest -->
      <class name="com.example.api.tests.PostDataDrivenTest">
        <test-method signature="testPostsWithData(java.util.Map)[pri:0, instance:com.example.api.tests.PostDataDrivenTest@1040be71]" started-at="2025-08-29T17:51:19 IST" name="testPostsWithData" data-provider="postData" finished-at="2025-08-29T17:51:19 IST" duration-ms="477" status="PASS">
          <params>
            <param index="0">
              <value>
                <![CDATA[{id=1, expectedTitle=sunt aut facere repellat provident occaecati excepturi optio reprehenderit}]]>
              </value>
            </param>
          </params>
          <reporter-output>
          </reporter-output>
        </test-method> <!-- testPostsWithData -->
        <test-method signature="testPostsWithData(java.util.Map)[pri:0, instance:com.example.api.tests.PostDataDrivenTest@1040be71]" started-at="2025-08-29T17:51:19 IST" name="testPostsWithData" data-provider="postData" finished-at="2025-08-29T17:51:20 IST" duration-ms="541" status="PASS">
          <params>
            <param index="0">
              <value>
                <![CDATA[{id=2, expectedTitle=qui est esse}]]>
              </value>
            </param>
          </params>
          <reporter-output>
          </reporter-output>
        </test-method> <!-- testPostsWithData -->
      </class> <!-- com.example.api.tests.PostDataDrivenTest -->
      <class name="com.example.api.SanityCheckTest">
        <test-method signature="sanity()[pri:0, instance:com.example.api.SanityCheckTest@35841320]" started-at="2025-08-29T17:51:15 IST" name="sanity" finished-at="2025-08-29T17:51:15 IST" duration-ms="46" status="PASS">
          <reporter-output>
          </reporter-output>
        </test-method> <!-- sanity -->
      </class> <!-- com.example.api.SanityCheckTest -->
    </test> <!-- Surefire test -->
  </suite> <!-- Surefire suite -->
</testng-results>
