<?xml version="1.0" encoding="UTF-8"?>
<testsuite xmlns:xsi="http://www.w3.org/2001/XMLSchema-instance" xsi:noNamespaceSchemaLocation="https://maven.apache.org/surefire/maven-surefire-plugin/xsd/surefire-test-report-3.0.xsd" version="3.0" name="TestSuite" time="6.054" tests="6" errors="0" skipped="0" failures="0">
  <properties>
[...]
</properties>
  <testcase name="sanity" classname="com.example.api.SanityCheckTest" time="0.118"/>
  <testcase name="testGetPostById[{id=1, expectedTitle=sunt aut facere repellat provident occaecati excepturi optio reprehenderit}](1)" classname="com.example.api.tests.DataDrivenGetPostTest" time="2.344"/>
  <testcase name="testGetPostById[{id=2, expectedTitle=qui est esse}](2)" classname="com.example.api.tests.DataDrivenGetPostTest" time="0.608"/>
  <testcase name="testGetPostById" classname="com.example.api.tests.GetPostTest" time="0.489"/>
  <testcase name="testPostsWithData[{id=1, expectedTitle=sunt aut facere repellat provident occaecati excepturi optio reprehenderit}](1)" classname="com.example.api.tests.PostDataDrivenTest" time="0.6"/>
  <testcase name="testPostsWithData[{id=2, expectedTitle=qui est esse}](2)" classname="com.example.api.tests.PostDataDrivenTest" time="0.534"/>
</testsuite>